09:38:36:175  WARN 46916 --- [gateway-service] [Thread-8] c.a.nacos.common.notify.NotifyCenter     : [NotifyCenter] Start destroying Publisher
09:38:36:175  WARN 46916 --- [gateway-service] [Thread-5] c.a.n.common.http.HttpClientBeanHolder   : [HttpClientBeanHolder] Start destroying common HttpClient
09:38:36:310  WARN 46916 --- [gateway-service] [Thread-8] c.a.nacos.common.notify.NotifyCenter     : [NotifyCenter] Destruction of the end
09:38:36:347  WARN 46916 --- [gateway-service] [Thread-5] c.a.n.common.http.HttpClientBeanHolder   : [HttpClientBeanHolder] Destruction of the end
09:38:36:488  INFO 46916 --- [gateway-service] [SpringApplicationShutdownHook] c.a.c.n.registry.NacosServiceRegistry    : De-registering from Nacos Server now...
09:38:36:491  INFO 46916 --- [gateway-service] [SpringApplicationShutdownHook] com.alibaba.nacos.client.naming          : [DEREGISTER-SERVICE] public deregistering service gateway-service with instance: Instance{instanceId='null', ip='10.6.22.4', port=8080, weight=1.0, healthy=true, enabled=true, ephemeral=true, clusterName='DEFAULT', serviceName='null', metadata={}}
09:38:36:569  INFO 46916 --- [gateway-service] [SpringApplicationShutdownHook] c.a.c.n.registry.NacosServiceRegistry    : De-registration finished.
09:38:36:571  INFO 46916 --- [gateway-service] [SpringApplicationShutdownHook] com.alibaba.nacos.client.naming          : com.alibaba.nacos.client.naming.cache.ServiceInfoHolder do shutdown begin
09:38:36:571  INFO 46916 --- [gateway-service] [SpringApplicationShutdownHook] com.alibaba.nacos.client.naming          : com.alibaba.nacos.client.naming.backups.FailoverReactor do shutdown begin
09:38:36:572  INFO 46916 --- [gateway-service] [SpringApplicationShutdownHook] com.alibaba.nacos.client.naming          : com.alibaba.nacos.client.naming.backups.FailoverReactor do shutdown stop
09:38:36:572  INFO 46916 --- [gateway-service] [SpringApplicationShutdownHook] com.alibaba.nacos.client.naming          : com.alibaba.nacos.client.naming.cache.ServiceInfoHolder do shutdown stop
09:38:36:572  INFO 46916 --- [gateway-service] [SpringApplicationShutdownHook] com.alibaba.nacos.client.naming          : com.alibaba.nacos.client.naming.remote.NamingClientProxyDelegate do shutdown begin
09:38:36:572  INFO 46916 --- [gateway-service] [SpringApplicationShutdownHook] com.alibaba.nacos.client.naming          : com.alibaba.nacos.client.naming.core.ServiceInfoUpdateService do shutdown begin
09:38:36:572  INFO 46916 --- [gateway-service] [SpringApplicationShutdownHook] com.alibaba.nacos.client.naming          : com.alibaba.nacos.client.naming.core.ServiceInfoUpdateService do shutdown stop
09:38:36:572  INFO 46916 --- [gateway-service] [SpringApplicationShutdownHook] com.alibaba.nacos.client.naming          : com.alibaba.nacos.client.naming.core.ServerListManager do shutdown begin
09:38:36:572  WARN 46916 --- [gateway-service] [SpringApplicationShutdownHook] com.alibaba.nacos.client.naming          : [NamingHttpClientManager] Start destroying NacosRestTemplate
09:38:36:573  WARN 46916 --- [gateway-service] [SpringApplicationShutdownHook] com.alibaba.nacos.client.naming          : [NamingHttpClientManager] Destruction of the end
09:38:36:573  INFO 46916 --- [gateway-service] [SpringApplicationShutdownHook] com.alibaba.nacos.client.naming          : com.alibaba.nacos.client.naming.core.ServerListManager do shutdown stop
09:38:36:573  INFO 46916 --- [gateway-service] [SpringApplicationShutdownHook] com.alibaba.nacos.client.naming          : com.alibaba.nacos.client.naming.remote.http.NamingHttpClientProxy do shutdown begin
09:38:36:573  WARN 46916 --- [gateway-service] [SpringApplicationShutdownHook] com.alibaba.nacos.client.naming          : [NamingHttpClientManager] Start destroying NacosRestTemplate
09:38:36:573  WARN 46916 --- [gateway-service] [SpringApplicationShutdownHook] com.alibaba.nacos.client.naming          : [NamingHttpClientManager] Destruction of the end
09:38:36:573  INFO 46916 --- [gateway-service] [SpringApplicationShutdownHook] com.alibaba.nacos.client.naming          : com.alibaba.nacos.client.naming.remote.http.NamingHttpClientProxy do shutdown stop
09:38:36:573  INFO 46916 --- [gateway-service] [SpringApplicationShutdownHook] com.alibaba.nacos.client.naming          : Shutdown naming grpc client proxy for  uuid->d2e28bd0-e488-4921-8ec7-63427d4dd365
09:38:36:574  INFO 46916 --- [gateway-service] [SpringApplicationShutdownHook] com.alibaba.nacos.client.naming          : Shutdown grpc redo service executor java.util.concurrent.ScheduledThreadPoolExecutor@3adf1dbe[Running, pool size = 1, active threads = 0, queued tasks = 1, completed tasks = 80791]
09:38:36:574  INFO 46916 --- [gateway-service] [SpringApplicationShutdownHook] com.alibaba.nacos.common.remote.client   : Shutdown rpc client, set status to shutdown
09:38:36:574  INFO 46916 --- [gateway-service] [SpringApplicationShutdownHook] com.alibaba.nacos.common.remote.client   : Shutdown client event executor java.util.concurrent.ScheduledThreadPoolExecutor@63fec819[Running, pool size = 2, active threads = 2, queued tasks = 0, completed tasks = 0]
09:38:36:574  INFO 46916 --- [gateway-service] [SpringApplicationShutdownHook] com.alibaba.nacos.common.remote.client   : Close current connection 1758262024650_127.0.0.1_60840
09:38:36:579  INFO 46916 --- [gateway-service] [nacos-grpc-client-executor-127.0.0.1-46230] c.a.n.c.remote.client.grpc.GrpcClient    : [1758262024650_127.0.0.1_60840]Ignore complete event,isRunning:false,isAbandon=false
09:38:36:611  INFO 46916 --- [gateway-service] [SpringApplicationShutdownHook] c.a.n.c.remote.client.grpc.GrpcClient    : Shutdown grpc executor java.util.concurrent.ThreadPoolExecutor@43abe49e[Running, pool size = 4, active threads = 0, queued tasks = 0, completed tasks = 46231]
09:38:36:612  INFO 46916 --- [gateway-service] [SpringApplicationShutdownHook] com.alibaba.nacos.client.naming          : shutdown and remove naming rpc client  for uuid ->d2e28bd0-e488-4921-8ec7-63427d4dd365
09:38:36:613  INFO 46916 --- [gateway-service] [SpringApplicationShutdownHook] c.a.n.c.a.r.identify.CredentialWatcher   : [null] CredentialWatcher is stopped
09:38:36:613  INFO 46916 --- [gateway-service] [SpringApplicationShutdownHook] c.a.n.c.a.r.identify.CredentialService   : [null] CredentialService is freed
09:38:36:614  INFO 46916 --- [gateway-service] [SpringApplicationShutdownHook] com.alibaba.nacos.client.naming          : com.alibaba.nacos.client.naming.remote.NamingClientProxyDelegate do shutdown stop
