15:09:53:738  INFO 24352 --- [wechat-service] [restartedMain] c.z.w.WechatServiceApplication           : No active profile set, falling back to 1 default profile: "default"
15:09:54:142  INFO 24352 --- [wechat-service] [restartedMain] o.s.cloud.context.scope.GenericScope     : BeanFactory id=a0c79502-7246-337c-a665-05cef9d4d374
15:09:54:173  WARN 24352 --- [wechat-service] [restartedMain] trationDelegate$BeanPostProcessorChecker : Bean 'org.springframework.cloud.client.loadbalancer.LoadBalancerAutoConfiguration$DeferringLoadBalancerInterceptorConfig' of type [org.springframework.cloud.client.loadbalancer.LoadBalancerAutoConfiguration$DeferringLoadBalancerInterceptorConfig] is not eligible for getting processed by all BeanPostProcessors (for example: not eligible for auto-proxying). The currently created BeanPostProcessor [lbRestClientPostProcessor] is declared through a non-static factory method on that class; consider declaring it as static instead.
15:09:54:175  WARN 24352 --- [wechat-service] [restartedMain] trationDelegate$BeanPostProcessorChecker : Bean 'deferringLoadBalancerInterceptor' of type [org.springframework.cloud.client.loadbalancer.DeferringLoadBalancerInterceptor] is not eligible for getting processed by all BeanPostProcessors (for example: not eligible for auto-proxying). Is this bean getting eagerly injected into a currently created BeanPostProcessor [lbRestClientPostProcessor]? Check the corresponding BeanPostProcessor declaration and its dependencies.
15:09:54:359  INFO 24352 --- [wechat-service] [restartedMain] o.s.b.w.embedded.tomcat.TomcatWebServer  : Tomcat initialized with port 8088 (http)
15:09:54:369  INFO 24352 --- [wechat-service] [restartedMain] o.apache.catalina.core.StandardService   : Starting service [Tomcat]
15:09:54:369  INFO 24352 --- [wechat-service] [restartedMain] o.apache.catalina.core.StandardEngine    : Starting Servlet engine: [Apache Tomcat/10.1.19]
15:09:54:406  INFO 24352 --- [wechat-service] [restartedMain] o.a.c.c.C.[Tomcat].[localhost].[/]       : Initializing Spring embedded WebApplicationContext
15:09:54:407  INFO 24352 --- [wechat-service] [restartedMain] w.s.c.ServletWebServerApplicationContext : Root WebApplicationContext: initialization completed in 657 ms
15:09:55:663  INFO 24352 --- [wechat-service] [restartedMain] o.s.b.d.a.OptionalLiveReloadServer       : LiveReload server is running on port 35729
15:09:55:779  WARN 24352 --- [wechat-service] [restartedMain] iguration$LoadBalancerCaffeineWarnLogger : Spring Cloud LoadBalancer is currently working with the default cache. While this cache implementation is useful for development and tests, it's recommended to use Caffeine cache in production.You can switch to using Caffeine cache, by adding it and org.springframework.cache.caffeine.CaffeineCacheManager to the classpath.
15:09:55:818  INFO 24352 --- [wechat-service] [restartedMain] o.s.b.w.embedded.tomcat.TomcatWebServer  : Tomcat started on port 8088 (http) with context path ''
15:09:55:821  INFO 24352 --- [wechat-service] [restartedMain] com.alibaba.nacos.client.naming          : initializer namespace from ans.namespace attribute : null
15:09:55:821  INFO 24352 --- [wechat-service] [restartedMain] com.alibaba.nacos.client.naming          : initializer namespace from ALIBABA_ALIWARE_NAMESPACE attribute :null
15:09:55:821  INFO 24352 --- [wechat-service] [restartedMain] com.alibaba.nacos.client.naming          : initializer namespace from namespace attribute :null
15:09:55:824  INFO 24352 --- [wechat-service] [restartedMain] com.alibaba.nacos.client.naming          : FailoverDataSource type is class com.alibaba.nacos.client.naming.backups.datasource.DiskFailoverDataSource
15:09:55:826  INFO 24352 --- [wechat-service] [restartedMain] c.a.n.p.a.s.c.ClientAuthPluginManager    : [ClientAuthPluginManager] Load ClientAuthService com.alibaba.nacos.client.auth.impl.NacosClientAuthServiceImpl success.
15:09:55:826  INFO 24352 --- [wechat-service] [restartedMain] c.a.n.p.a.s.c.ClientAuthPluginManager    : [ClientAuthPluginManager] Load ClientAuthService com.alibaba.nacos.client.auth.ram.RamClientAuthServiceImpl success.
15:09:55:834 ERROR 24352 --- [wechat-service] [restartedMain] c.a.n.c.a.i.process.HttpLoginProcessor   : login failed: {"code":500,"message":"caused: Required request parameter &#39;password&#39; for method parameter type String is not present;","header":{"header":{"Accept-Charset":"UTF-8","Connection":"close","Content-Length":"102","Content-Security-Policy":"script-src 'self'","Content-Type":"text/html;charset=UTF-8","Date":"Wed, 10 Sep 2025 07:09:55 GMT","Vary":"Access-Control-Request-Headers"},"originalResponseHeader":{"Connection":["close"],"Content-Length":["102"],"Content-Security-Policy":["script-src 'self'"],"Content-Type":["text/html;charset=UTF-8"],"Date":["Wed, 10 Sep 2025 07:09:55 GMT"],"Vary":["Access-Control-Request-Headers","Access-Control-Request-Method","Origin"]},"charset":"UTF-8"}}
15:09:55:837  INFO 24352 --- [wechat-service] [restartedMain] com.alibaba.nacos.common.remote.client   : [RpcClientFactory] create a new rpc client of 6f10edb3-5740-4b83-9400-dd9c8b1ca1d8
15:09:55:838  INFO 24352 --- [wechat-service] [restartedMain] com.alibaba.nacos.client.naming          : Create naming rpc client for uuid->6f10edb3-5740-4b83-9400-dd9c8b1ca1d8
15:09:55:838  INFO 24352 --- [wechat-service] [restartedMain] com.alibaba.nacos.common.remote.client   : [6f10edb3-5740-4b83-9400-dd9c8b1ca1d8] RpcClient init, ServerListFactory = com.alibaba.nacos.client.naming.core.ServerListManager
15:09:55:838  INFO 24352 --- [wechat-service] [restartedMain] com.alibaba.nacos.common.remote.client   : [6f10edb3-5740-4b83-9400-dd9c8b1ca1d8] Registry connection listener to current client:com.alibaba.nacos.client.naming.remote.gprc.redo.NamingGrpcRedoService
15:09:55:839  INFO 24352 --- [wechat-service] [restartedMain] com.alibaba.nacos.common.remote.client   : [6f10edb3-5740-4b83-9400-dd9c8b1ca1d8] Register server push request handler:com.alibaba.nacos.client.naming.remote.gprc.NamingPushRequestHandler
15:09:55:839  INFO 24352 --- [wechat-service] [restartedMain] com.alibaba.nacos.common.remote.client   : [6f10edb3-5740-4b83-9400-dd9c8b1ca1d8] Try to connect to server on start up, server: {serverIp = '127.0.0.1', server main port = 8848}
15:09:55:839  INFO 24352 --- [wechat-service] [restartedMain] c.a.n.c.remote.client.grpc.GrpcClient    : grpc client connection server:127.0.0.1 ip,serverPort:9848,grpcTslConfig:{"sslProvider":"","enableTls":false,"mutualAuthEnable":false,"trustAll":false}
15:09:55:840 ERROR 24352 --- [wechat-service] [com.alibaba.nacos.client.naming.security.0] c.a.n.c.a.i.process.HttpLoginProcessor   : login failed: {"code":500,"message":"caused: Required request parameter &#39;password&#39; for method parameter type String is not present;","header":{"header":{"Accept-Charset":"UTF-8","Connection":"close","Content-Length":"102","Content-Security-Policy":"script-src 'self'","Content-Type":"text/html;charset=UTF-8","Date":"Wed, 10 Sep 2025 07:09:55 GMT","Vary":"Access-Control-Request-Headers"},"originalResponseHeader":{"Connection":["close"],"Content-Length":["102"],"Content-Security-Policy":["script-src 'self'"],"Content-Type":["text/html;charset=UTF-8"],"Date":["Wed, 10 Sep 2025 07:09:55 GMT"],"Vary":["Access-Control-Request-Headers","Access-Control-Request-Method","Origin"]},"charset":"UTF-8"}}
15:09:55:850  INFO 24352 --- [wechat-service] [restartedMain] com.alibaba.nacos.common.remote.client   : [6f10edb3-5740-4b83-9400-dd9c8b1ca1d8] Success to connect to server [127.0.0.1:8848] on start up, connectionId = 1757488195844_127.0.0.1_61637
15:09:55:850  INFO 24352 --- [wechat-service] [restartedMain] com.alibaba.nacos.common.remote.client   : [6f10edb3-5740-4b83-9400-dd9c8b1ca1d8] Register server push request handler:com.alibaba.nacos.common.remote.client.RpcClient$ConnectResetRequestHandler
15:09:55:850  INFO 24352 --- [wechat-service] [com.alibaba.nacos.client.remote.worker.0] com.alibaba.nacos.common.remote.client   : [6f10edb3-5740-4b83-9400-dd9c8b1ca1d8] Notify connected event to listeners.
15:09:55:850  INFO 24352 --- [wechat-service] [restartedMain] com.alibaba.nacos.common.remote.client   : [6f10edb3-5740-4b83-9400-dd9c8b1ca1d8] Register server push request handler:com.alibaba.nacos.common.remote.client.RpcClient$$Lambda$565/0x000001f61f4692a0
15:09:55:850  INFO 24352 --- [wechat-service] [com.alibaba.nacos.client.remote.worker.0] com.alibaba.nacos.client.naming          : Grpc connection connect
15:09:55:851  INFO 24352 --- [wechat-service] [restartedMain] com.alibaba.nacos.client.naming          : [REGISTER-SERVICE] public registering service wechat-service with instance Instance{instanceId='null', ip='192.168.137.1', port=8088, weight=1.0, healthy=true, enabled=true, ephemeral=true, clusterName='DEFAULT', serviceName='null', metadata={IPv6=[2001:0:2851:b9f0:102e:18c4:50d5:e13d], preserved.register.source=SPRING_CLOUD}}
15:09:55:857  INFO 24352 --- [wechat-service] [restartedMain] c.a.c.n.registry.NacosServiceRegistry    : nacos registry, DEFAULT_GROUP wechat-service 192.168.137.1:8088 register finished
15:09:55:965  INFO 24352 --- [wechat-service] [restartedMain] c.z.w.WechatServiceApplication           : Started WechatServiceApplication in 4.442 seconds (process running for 4.837)
15:09:55:967  INFO 24352 --- [wechat-service] [restartedMain] c.a.nacos.client.config.impl.CacheData   : config listener notify warn timeout millis use default 60000 millis 
15:09:55:967  INFO 24352 --- [wechat-service] [restartedMain] c.a.nacos.client.config.impl.CacheData   : nacos.cache.data.init.snapshot = true 
15:09:55:968  INFO 24352 --- [wechat-service] [restartedMain] c.a.n.client.config.impl.ClientWorker    : [fixed-127.0.0.1_8848] [subscribe] wechat-service+DEFAULT_GROUP
15:09:55:973  INFO 24352 --- [wechat-service] [restartedMain] c.a.nacos.client.config.impl.CacheData   : [fixed-127.0.0.1_8848] [add-listener] ok, tenant=, dataId=wechat-service, group=DEFAULT_GROUP, cnt=1
15:09:55:973  INFO 24352 --- [wechat-service] [restartedMain] c.a.c.n.refresh.NacosContextRefresher    : [Nacos Config] Listening config: dataId=wechat-service, group=DEFAULT_GROUP
15:09:55:973  INFO 24352 --- [wechat-service] [restartedMain] c.a.n.client.config.impl.ClientWorker    : [fixed-127.0.0.1_8848] [subscribe] wechat-service.yaml+DEFAULT_GROUP
15:09:55:973  INFO 24352 --- [wechat-service] [restartedMain] c.a.nacos.client.config.impl.CacheData   : [fixed-127.0.0.1_8848] [add-listener] ok, tenant=, dataId=wechat-service.yaml, group=DEFAULT_GROUP, cnt=1
15:09:55:973  INFO 24352 --- [wechat-service] [restartedMain] c.a.c.n.refresh.NacosContextRefresher    : [Nacos Config] Listening config: dataId=wechat-service.yaml, group=DEFAULT_GROUP
15:09:57:894 ERROR 24352 --- [wechat-service] [com.alibaba.nacos.client.Worker.0] c.a.n.c.a.i.process.HttpLoginProcessor   : login failed: {"code":500,"message":"caused: Required request parameter &#39;password&#39; for method parameter type String is not present;","header":{"header":{"Accept-Charset":"UTF-8","Connection":"close","Content-Length":"102","Content-Security-Policy":"script-src 'self'","Content-Type":"text/html;charset=UTF-8","Date":"Wed, 10 Sep 2025 07:09:57 GMT","Vary":"Access-Control-Request-Headers"},"originalResponseHeader":{"Connection":["close"],"Content-Length":["102"],"Content-Security-Policy":["script-src 'self'"],"Content-Type":["text/html;charset=UTF-8"],"Date":["Wed, 10 Sep 2025 07:09:57 GMT"],"Vary":["Access-Control-Request-Headers","Access-Control-Request-Method","Origin"]},"charset":"UTF-8"}}
15:10:00:855 ERROR 24352 --- [wechat-service] [com.alibaba.nacos.client.naming.security.0] c.a.n.c.a.i.process.HttpLoginProcessor   : login failed: {"code":500,"message":"caused: Required request parameter &#39;password&#39; for method parameter type String is not present;","header":{"header":{"Accept-Charset":"UTF-8","Connection":"close","Content-Length":"102","Content-Security-Policy":"script-src 'self'","Content-Type":"text/html;charset=UTF-8","Date":"Wed, 10 Sep 2025 07:10:00 GMT","Vary":"Access-Control-Request-Headers"},"originalResponseHeader":{"Connection":["close"],"Content-Length":["102"],"Content-Security-Policy":["script-src 'self'"],"Content-Type":["text/html;charset=UTF-8"],"Date":["Wed, 10 Sep 2025 07:10:00 GMT"],"Vary":["Access-Control-Request-Headers","Access-Control-Request-Method","Origin"]},"charset":"UTF-8"}}
15:10:02:916 ERROR 24352 --- [wechat-service] [com.alibaba.nacos.client.Worker.2] c.a.n.c.a.i.process.HttpLoginProcessor   : login failed: {"code":500,"message":"caused: Required request parameter &#39;password&#39; for method parameter type String is not present;","header":{"header":{"Accept-Charset":"UTF-8","Connection":"close","Content-Length":"102","Content-Security-Policy":"script-src 'self'","Content-Type":"text/html;charset=UTF-8","Date":"Wed, 10 Sep 2025 07:10:02 GMT","Vary":"Access-Control-Request-Headers"},"originalResponseHeader":{"Connection":["close"],"Content-Length":["102"],"Content-Security-Policy":["script-src 'self'"],"Content-Type":["text/html;charset=UTF-8"],"Date":["Wed, 10 Sep 2025 07:10:02 GMT"],"Vary":["Access-Control-Request-Headers","Access-Control-Request-Method","Origin"]},"charset":"UTF-8"}}
15:10:05:876 ERROR 24352 --- [wechat-service] [com.alibaba.nacos.client.naming.security.0] c.a.n.c.a.i.process.HttpLoginProcessor   : login failed: {"code":500,"message":"caused: Required request parameter &#39;password&#39; for method parameter type String is not present;","header":{"header":{"Accept-Charset":"UTF-8","Connection":"close","Content-Length":"102","Content-Security-Policy":"script-src 'self'","Content-Type":"text/html;charset=UTF-8","Date":"Wed, 10 Sep 2025 07:10:05 GMT","Vary":"Access-Control-Request-Headers"},"originalResponseHeader":{"Connection":["close"],"Content-Length":["102"],"Content-Security-Policy":["script-src 'self'"],"Content-Type":["text/html;charset=UTF-8"],"Date":["Wed, 10 Sep 2025 07:10:05 GMT"],"Vary":["Access-Control-Request-Headers","Access-Control-Request-Method","Origin"]},"charset":"UTF-8"}}
15:10:07:933 ERROR 24352 --- [wechat-service] [com.alibaba.nacos.client.Worker.0] c.a.n.c.a.i.process.HttpLoginProcessor   : login failed: {"code":500,"message":"caused: Required request parameter &#39;password&#39; for method parameter type String is not present;","header":{"header":{"Accept-Charset":"UTF-8","Connection":"close","Content-Length":"102","Content-Security-Policy":"script-src 'self'","Content-Type":"text/html;charset=UTF-8","Date":"Wed, 10 Sep 2025 07:10:07 GMT","Vary":"Access-Control-Request-Headers"},"originalResponseHeader":{"Connection":["close"],"Content-Length":["102"],"Content-Security-Policy":["script-src 'self'"],"Content-Type":["text/html;charset=UTF-8"],"Date":["Wed, 10 Sep 2025 07:10:07 GMT"],"Vary":["Access-Control-Request-Headers","Access-Control-Request-Method","Origin"]},"charset":"UTF-8"}}
15:10:09:595  WARN 24352 --- [wechat-service] [Thread-5] c.a.n.common.http.HttpClientBeanHolder   : [HttpClientBeanHolder] Start destroying common HttpClient
15:10:09:598  WARN 24352 --- [wechat-service] [Thread-8] c.a.nacos.common.notify.NotifyCenter     : [NotifyCenter] Start destroying Publisher
15:10:09:598  WARN 24352 --- [wechat-service] [Thread-8] c.a.nacos.common.notify.NotifyCenter     : [NotifyCenter] Destruction of the end
15:10:09:599  WARN 24352 --- [wechat-service] [Thread-5] c.a.n.common.http.HttpClientBeanHolder   : [HttpClientBeanHolder] Destruction of the end
15:10:09:614  INFO 24352 --- [wechat-service] [SpringApplicationShutdownHook] c.a.c.n.registry.NacosServiceRegistry    : De-registering from Nacos Server now...
15:10:09:614  INFO 24352 --- [wechat-service] [SpringApplicationShutdownHook] com.alibaba.nacos.client.naming          : [DEREGISTER-SERVICE] public deregistering service wechat-service with instance: Instance{instanceId='null', ip='192.168.137.1', port=8088, weight=1.0, healthy=true, enabled=true, ephemeral=true, clusterName='DEFAULT', serviceName='null', metadata={}}
15:10:09:618  INFO 24352 --- [wechat-service] [SpringApplicationShutdownHook] c.a.c.n.registry.NacosServiceRegistry    : De-registration finished.
15:10:09:619  INFO 24352 --- [wechat-service] [SpringApplicationShutdownHook] com.alibaba.nacos.client.naming          : com.alibaba.nacos.client.naming.cache.ServiceInfoHolder do shutdown begin
15:10:09:619  INFO 24352 --- [wechat-service] [SpringApplicationShutdownHook] com.alibaba.nacos.client.naming          : com.alibaba.nacos.client.naming.backups.FailoverReactor do shutdown begin
15:10:09:619  INFO 24352 --- [wechat-service] [SpringApplicationShutdownHook] com.alibaba.nacos.client.naming          : com.alibaba.nacos.client.naming.backups.FailoverReactor do shutdown stop
15:10:09:619  INFO 24352 --- [wechat-service] [SpringApplicationShutdownHook] com.alibaba.nacos.client.naming          : com.alibaba.nacos.client.naming.cache.ServiceInfoHolder do shutdown stop
15:10:09:619  INFO 24352 --- [wechat-service] [SpringApplicationShutdownHook] com.alibaba.nacos.client.naming          : com.alibaba.nacos.client.naming.remote.NamingClientProxyDelegate do shutdown begin
15:10:09:619  INFO 24352 --- [wechat-service] [SpringApplicationShutdownHook] com.alibaba.nacos.client.naming          : com.alibaba.nacos.client.naming.core.ServiceInfoUpdateService do shutdown begin
15:10:09:619  INFO 24352 --- [wechat-service] [SpringApplicationShutdownHook] com.alibaba.nacos.client.naming          : com.alibaba.nacos.client.naming.core.ServiceInfoUpdateService do shutdown stop
15:10:09:619  INFO 24352 --- [wechat-service] [SpringApplicationShutdownHook] com.alibaba.nacos.client.naming          : com.alibaba.nacos.client.naming.core.ServerListManager do shutdown begin
15:10:09:620  WARN 24352 --- [wechat-service] [SpringApplicationShutdownHook] com.alibaba.nacos.client.naming          : [NamingHttpClientManager] Start destroying NacosRestTemplate
15:10:09:620  WARN 24352 --- [wechat-service] [SpringApplicationShutdownHook] com.alibaba.nacos.client.naming          : [NamingHttpClientManager] Destruction of the end
15:10:09:620  INFO 24352 --- [wechat-service] [SpringApplicationShutdownHook] com.alibaba.nacos.client.naming          : com.alibaba.nacos.client.naming.core.ServerListManager do shutdown stop
15:10:09:620  INFO 24352 --- [wechat-service] [SpringApplicationShutdownHook] com.alibaba.nacos.client.naming          : com.alibaba.nacos.client.naming.remote.http.NamingHttpClientProxy do shutdown begin
15:10:09:620  WARN 24352 --- [wechat-service] [SpringApplicationShutdownHook] com.alibaba.nacos.client.naming          : [NamingHttpClientManager] Start destroying NacosRestTemplate
15:10:09:620  WARN 24352 --- [wechat-service] [SpringApplicationShutdownHook] com.alibaba.nacos.client.naming          : [NamingHttpClientManager] Destruction of the end
15:10:09:620  INFO 24352 --- [wechat-service] [SpringApplicationShutdownHook] com.alibaba.nacos.client.naming          : com.alibaba.nacos.client.naming.remote.http.NamingHttpClientProxy do shutdown stop
15:10:09:620  INFO 24352 --- [wechat-service] [SpringApplicationShutdownHook] com.alibaba.nacos.client.naming          : Shutdown naming grpc client proxy for  uuid->6f10edb3-5740-4b83-9400-dd9c8b1ca1d8
15:10:09:620  INFO 24352 --- [wechat-service] [SpringApplicationShutdownHook] com.alibaba.nacos.client.naming          : Shutdown grpc redo service executor java.util.concurrent.ScheduledThreadPoolExecutor@21772bc1[Running, pool size = 1, active threads = 0, queued tasks = 1, completed tasks = 4]
15:10:09:620  INFO 24352 --- [wechat-service] [SpringApplicationShutdownHook] com.alibaba.nacos.common.remote.client   : Shutdown rpc client, set status to shutdown
15:10:09:620  INFO 24352 --- [wechat-service] [SpringApplicationShutdownHook] com.alibaba.nacos.common.remote.client   : Shutdown client event executor java.util.concurrent.ScheduledThreadPoolExecutor@2b791cfb[Running, pool size = 2, active threads = 2, queued tasks = 0, completed tasks = 0]
15:10:09:620  INFO 24352 --- [wechat-service] [SpringApplicationShutdownHook] com.alibaba.nacos.common.remote.client   : Close current connection 1757488195844_127.0.0.1_61637
15:10:09:623  INFO 24352 --- [wechat-service] [nacos-grpc-client-executor-127.0.0.1-12] c.a.n.c.remote.client.grpc.GrpcClient    : [1757488195844_127.0.0.1_61637]Ignore complete event,isRunning:false,isAbandon=false
15:10:09:623  INFO 24352 --- [wechat-service] [SpringApplicationShutdownHook] c.a.n.c.remote.client.grpc.GrpcClient    : Shutdown grpc executor java.util.concurrent.ThreadPoolExecutor@792769ac[Running, pool size = 4, active threads = 0, queued tasks = 0, completed tasks = 13]
15:10:09:623  INFO 24352 --- [wechat-service] [SpringApplicationShutdownHook] com.alibaba.nacos.client.naming          : shutdown and remove naming rpc client  for uuid ->6f10edb3-5740-4b83-9400-dd9c8b1ca1d8
15:10:09:624  INFO 24352 --- [wechat-service] [SpringApplicationShutdownHook] c.a.n.c.a.r.identify.CredentialWatcher   : [null] CredentialWatcher is stopped
15:10:09:624  INFO 24352 --- [wechat-service] [SpringApplicationShutdownHook] c.a.n.c.a.r.identify.CredentialService   : [null] CredentialService is freed
15:10:09:624  INFO 24352 --- [wechat-service] [SpringApplicationShutdownHook] com.alibaba.nacos.client.naming          : com.alibaba.nacos.client.naming.remote.NamingClientProxyDelegate do shutdown stop
