09:38:37:349  WARN 40004 --- [product-service] [Thread-5] c.a.n.common.http.HttpClientBeanHolder   : [HttpClientBeanHolder] Start destroying common HttpClient
09:38:37:349  WARN 40004 --- [product-service] [Thread-8] c.a.nacos.common.notify.NotifyCenter     : [NotifyCenter] Start destroying Publisher
09:38:37:434  WARN 40004 --- [product-service] [Thread-8] c.a.nacos.common.notify.NotifyCenter     : [NotifyCenter] Destruction of the end
09:38:37:439  WARN 40004 --- [product-service] [Thread-5] c.a.n.common.http.HttpClientBeanHolder   : [HttpClientBeanHolder] Destruction of the end
09:38:47:703  INFO 40004 --- [product-service] [SpringApplicationShutdownHook] c.a.c.n.registry.NacosServiceRegistry    : De-registering from Nacos Server now...
09:38:47:704  INFO 40004 --- [product-service] [SpringApplicationShutdownHook] com.alibaba.nacos.client.naming          : [DEREGISTER-SERVICE] public deregistering service product-service with instance: Instance{instanceId='null', ip='10.6.22.4', port=8082, weight=1.0, healthy=true, enabled=true, ephemeral=true, clusterName='DEFAULT', serviceName='null', metadata={}}
09:38:47:786  INFO 40004 --- [product-service] [SpringApplicationShutdownHook] c.a.c.n.registry.NacosServiceRegistry    : De-registration finished.
09:38:47:789  INFO 40004 --- [product-service] [SpringApplicationShutdownHook] com.alibaba.nacos.client.naming          : com.alibaba.nacos.client.naming.cache.ServiceInfoHolder do shutdown begin
09:38:47:789  INFO 40004 --- [product-service] [SpringApplicationShutdownHook] com.alibaba.nacos.client.naming          : com.alibaba.nacos.client.naming.backups.FailoverReactor do shutdown begin
09:38:47:790  INFO 40004 --- [product-service] [SpringApplicationShutdownHook] com.alibaba.nacos.client.naming          : com.alibaba.nacos.client.naming.backups.FailoverReactor do shutdown stop
09:38:47:790  INFO 40004 --- [product-service] [SpringApplicationShutdownHook] com.alibaba.nacos.client.naming          : com.alibaba.nacos.client.naming.cache.ServiceInfoHolder do shutdown stop
09:38:47:790  INFO 40004 --- [product-service] [SpringApplicationShutdownHook] com.alibaba.nacos.client.naming          : com.alibaba.nacos.client.naming.remote.NamingClientProxyDelegate do shutdown begin
09:38:47:790  INFO 40004 --- [product-service] [SpringApplicationShutdownHook] com.alibaba.nacos.client.naming          : com.alibaba.nacos.client.naming.core.ServiceInfoUpdateService do shutdown begin
09:38:47:790  INFO 40004 --- [product-service] [SpringApplicationShutdownHook] com.alibaba.nacos.client.naming          : com.alibaba.nacos.client.naming.core.ServiceInfoUpdateService do shutdown stop
09:38:47:790  INFO 40004 --- [product-service] [SpringApplicationShutdownHook] com.alibaba.nacos.client.naming          : com.alibaba.nacos.client.naming.core.ServerListManager do shutdown begin
09:38:47:790  WARN 40004 --- [product-service] [SpringApplicationShutdownHook] com.alibaba.nacos.client.naming          : [NamingHttpClientManager] Start destroying NacosRestTemplate
09:38:47:791  WARN 40004 --- [product-service] [SpringApplicationShutdownHook] com.alibaba.nacos.client.naming          : [NamingHttpClientManager] Destruction of the end
09:38:47:791  INFO 40004 --- [product-service] [SpringApplicationShutdownHook] com.alibaba.nacos.client.naming          : com.alibaba.nacos.client.naming.core.ServerListManager do shutdown stop
09:38:47:792  INFO 40004 --- [product-service] [SpringApplicationShutdownHook] com.alibaba.nacos.client.naming          : com.alibaba.nacos.client.naming.remote.http.NamingHttpClientProxy do shutdown begin
09:38:47:792  WARN 40004 --- [product-service] [SpringApplicationShutdownHook] com.alibaba.nacos.client.naming          : [NamingHttpClientManager] Start destroying NacosRestTemplate
09:38:47:792  WARN 40004 --- [product-service] [SpringApplicationShutdownHook] com.alibaba.nacos.client.naming          : [NamingHttpClientManager] Destruction of the end
09:38:47:792  INFO 40004 --- [product-service] [SpringApplicationShutdownHook] com.alibaba.nacos.client.naming          : com.alibaba.nacos.client.naming.remote.http.NamingHttpClientProxy do shutdown stop
09:38:47:792  INFO 40004 --- [product-service] [SpringApplicationShutdownHook] com.alibaba.nacos.client.naming          : Shutdown naming grpc client proxy for  uuid->24235e60-cfe8-41b2-8e1d-8bf53bfc01b5
09:38:47:792  INFO 40004 --- [product-service] [SpringApplicationShutdownHook] com.alibaba.nacos.client.naming          : Shutdown grpc redo service executor java.util.concurrent.ScheduledThreadPoolExecutor@14626bab[Running, pool size = 1, active threads = 0, queued tasks = 1, completed tasks = 80791]
09:38:47:793  INFO 40004 --- [product-service] [SpringApplicationShutdownHook] com.alibaba.nacos.common.remote.client   : Shutdown rpc client, set status to shutdown
09:38:47:793  INFO 40004 --- [product-service] [SpringApplicationShutdownHook] com.alibaba.nacos.common.remote.client   : Shutdown client event executor java.util.concurrent.ScheduledThreadPoolExecutor@66746078[Running, pool size = 2, active threads = 2, queued tasks = 0, completed tasks = 0]
09:38:47:793  INFO 40004 --- [product-service] [SpringApplicationShutdownHook] com.alibaba.nacos.common.remote.client   : Close current connection 1758262036096_127.0.0.1_58310
09:38:47:798  INFO 40004 --- [product-service] [nacos-grpc-client-executor-127.0.0.1-46227] c.a.n.c.remote.client.grpc.GrpcClient    : [1758262036096_127.0.0.1_58310]Ignore complete event,isRunning:false,isAbandon=false
09:38:47:821  INFO 40004 --- [product-service] [SpringApplicationShutdownHook] c.a.n.c.remote.client.grpc.GrpcClient    : Shutdown grpc executor java.util.concurrent.ThreadPoolExecutor@375686ce[Running, pool size = 5, active threads = 0, queued tasks = 0, completed tasks = 46228]
09:38:47:821  INFO 40004 --- [product-service] [SpringApplicationShutdownHook] com.alibaba.nacos.client.naming          : shutdown and remove naming rpc client  for uuid ->24235e60-cfe8-41b2-8e1d-8bf53bfc01b5
09:38:47:822  INFO 40004 --- [product-service] [SpringApplicationShutdownHook] c.a.n.c.a.r.identify.CredentialWatcher   : [null] CredentialWatcher is stopped
09:38:47:822  INFO 40004 --- [product-service] [SpringApplicationShutdownHook] c.a.n.c.a.r.identify.CredentialService   : [null] CredentialService is freed
09:38:47:822  INFO 40004 --- [product-service] [SpringApplicationShutdownHook] com.alibaba.nacos.client.naming          : com.alibaba.nacos.client.naming.remote.NamingClientProxyDelegate do shutdown stop
